========================================
FROST DKG Hardware Testbench V2
FULL PROTOCOL - NO PLACEHOLDERS
Nodes: 4, Threshold: 2-of-4
========================================

VCD info: dumpfile frost_v2.vcd opened for output.
[150000] Starting FROST DKG protocol...
[NODE 3] Starting FROST DKG...
[NODE 2] Starting FROST DKG...
[NODE 1] Starting FROST DKG...
[NODE 0] Starting FROST DKG...
[NODE 3] Generated coeff[0] = 0000000000000000000000000000002d000000000000000000000000000002e
[NODE 2] Generated coeff[0] = 0000000000000000000000000000002c000000000000000000000000000002e
[NODE 1] Generated coeff[0] = 0000000000000000000000000000002b000000000000000000000000000002a
[NODE 0] Generated coeff[0] = 0000000000000000000000000000002a000000000000000000000000000002a
[NODE 0] Generated coeff[1] = a00000000000000000000000000000000000000000000000000000000000028
[NODE 1] Generated coeff[1] = b00000000000000000000000000000010000000000000000000000000000029
[NODE 2] Generated coeff[1] = c0000000000000000000000000000002000000000000000000000000000002e
[NODE 3] Generated coeff[1] = d0000000000000000000000000000003000000000000000000000000000002f
[NODE 3] Generated coeff[2] = e000000000000000000000000000002cd00000000000000000000000000002c
[NODE 2] Generated coeff[2] = e000000000000000000000000000002cc00000000000000000000000000002c
[NODE 1] Generated coeff[2] = a0000000000000000000000000000028b000000000000000000000000000028
[NODE 0] Generated coeff[2] = a0000000000000000000000000000028a000000000000000000000000000028
[NODE 3] Commitment[0] = (X16936e7e505cfe480c8d2aec5a214ad94d367c5c07125c96d70696149af76a6, 66666666666666666666666666666670e66666666666666667452301efcdaac7)
[NODE 2] Commitment[0] = (X16936e7e505cfe480c8d2aec5a214ad84d367c5c07125c96d70696149af76a6, 66666666666666666666666666666670666666666666666667452301efcdaac7)
[NODE 1] Commitment[0] = (X16936e7e505cfe480c8d2aec5a214adf4d367c5c07125c96d70696149af76a2, 66666666666666666666666666666673e66666666666666667452301efcdaae7)
[NODE 0] Commitment[0] = (X16936e7e505cfe480c8d2aec5a214ade4d367c5c07125c96d70696149af76a2, 66666666666666666666666666666673666666666666666667452301efcdaae7)
[NODE 0] Commitment[1] = (X16936e7e505cfe480c8d2aec5a214ade4d367c5c07125c96d70696149af76a2, 66666666666666666666666666666673666666666666666667452301efcdaae7)
[NODE 1] Commitment[1] = (X16936e7e505cfe480c8d2aec5a214adf4d367c5c07125c96d70696149af76a2, 66666666666666666666666666666673e66666666666666667452301efcdaae7)
[NODE 2] Commitment[1] = (X16936e7e505cfe480c8d2aec5a214ad84d367c5c07125c96d70696149af76a6, 66666666666666666666666666666670666666666666666667452301efcdaac7)
[NODE 3] Commitment[1] = (X16936e7e505cfe480c8d2aec5a214ad94d367c5c07125c96d70696149af76a6, 66666666666666666666666666666670e66666666666666667452301efcdaac7)
[NODE 3] Commitment[2] = (Xc6936e7e505cfe480c8d2aec5a214af74d367c5c07125c96d70696149af76a7, 0e666666666666666666666666666667e66666666666666667452301efcdaacf)
[NODE 2] Commitment[2] = (Xd6936e7e505cfe480c8d2aec5a214af64d367c5c07125c96d70696149af76a6, 06666666666666666666666666666667666666666666666667452301efcdaac7)
[NODE 1] Commitment[2] = (Xa6936e7e505cfe480c8d2aec5a214af54d367c5c07125c96d70696149af76a1, 3e666666666666666666666666666666e66666666666666667452301efcdaaff)
[NODE 0] Commitment[2] = (Xb6936e7e505cfe480c8d2aec5a214af44d367c5c07125c96d70696149af76a0, 36666666666666666666666666666666666666666666666667452301efcdaaf7)
[NODE 0] Commitment[3] = (Xb6936e7e505cfe480c8d2aec5a214adced367c5c07125c96d70696149af76a0, 36666666666666666666666666666672366666666666666667452301efcdaaf7)
[NODE 1] Commitment[3] = (Xb6936e7e505cfe480c8d2aec5a214adcfd367c5c07125c96d70696149af76a0, 366666666666666666666666666666723e6666666666666667452301efcdaaf7)
[NODE 2] Commitment[3] = (Xf6936e7e505cfe480c8d2aec5a214ad88d367c5c07125c96d70696149af76a4, 16666666666666666666666666666670066666666666666667452301efcdaad7)
[NODE 3] Commitment[3] = (Xf6936e7e505cfe480c8d2aec5a214ad89d367c5c07125c96d70696149af76a4, 166666666666666666666666666666700e6666666666666667452301efcdaad7)
[NODE 3] ZK proof generated (simplified)
[NODE 2] ZK proof generated (simplified)
[NODE 1] ZK proof generated (simplified)
[NODE 0] ZK proof generated (simplified)
[NODE 0] Broadcast commitment
[NODE 1] Broadcast commitment
[NODE 2] Broadcast commitment
[NODE 3] Broadcast commitment
[NODE 3] All commitments received
[NODE 2] All commitments received
[NODE 1] All commitments received
[NODE 0] All commitments received
[NODE 0] Verifying proof from node 0
[NODE 1] Verifying proof from node 0
[NODE 2] Verifying proof from node 0
[NODE 3] Verifying proof from node 0
[NODE 3] Verifying proof from node 1
[NODE 2] Verifying proof from node 1
[NODE 1] Verifying proof from node 1
[NODE 0] Verifying proof from node 1
[NODE 0] Verifying proof from node 2
[NODE 1] Verifying proof from node 2
[NODE 2] Verifying proof from node 2
[NODE 3] Verifying proof from node 2
[NODE 3] Verifying proof from node 3
[NODE 2] Verifying proof from node 3
[NODE 1] Verifying proof from node 3
[NODE 0] Verifying proof from node 3
